/var/spool/slurm/slurmd/job40886685/slurm_script: line 12: activate: No such file or directory

The following have been reloaded with a version change:
  1) gcc/7.1.0 => gcc/9.2.0     2) openmpi/3.1.4 => openmpi/3.1.6

Traceback (most recent call last):
  File "/scratch/djb3ve/Demographic-inference-with-pool-seq-data/abc_pipeline/mpi_two_pop_abcpy_test.py", line 81, in <module>
    journal = sampler.sample([obs], n_samples=2, n_samples_per_param=1, epsilon=epsilon)
  File "/home/djb3ve/.conda/envs/myenv/lib/python3.8/site-packages/abcpy/inferences.py", line 556, in sample
    journal = self._sample_n_samples_epsilon(n_samples, journal)
  File "/home/djb3ve/.conda/envs/myenv/lib/python3.8/site-packages/abcpy/inferences.py", line 584, in _sample_n_samples_epsilon
    accepted_parameters_distances_counter_pds = self.backend.map(self._sample_parameter, rng_pds)
  File "/home/djb3ve/.conda/envs/myenv/lib/python3.8/site-packages/abcpy/backends/mpi.py", line 301, in map
    self.__command_teams(self.OP_MAP, data)
  File "/home/djb3ve/.conda/envs/myenv/lib/python3.8/site-packages/abcpy/backends/mpi.py", line 147, in __command_teams
    function_packed = cloudpickle.dumps(data[2], pickle.HIGHEST_PROTOCOL)
  File "/home/djb3ve/.conda/envs/myenv/lib/python3.8/site-packages/cloudpickle/cloudpickle_fast.py", line 73, in dumps
    cp.dump(obj)
  File "/home/djb3ve/.conda/envs/myenv/lib/python3.8/site-packages/cloudpickle/cloudpickle_fast.py", line 602, in dump
    return Pickler.dump(self, obj)
TypeError: cannot pickle 'DeprecationFacade' object
srun: error: udc-aw32-1c0: task 0: Exited with exit code 1
srun: launch/slurm: _step_signal: Terminating StepId=40886685.0
